2021-10-15 00:01:37.489  INFO 16120 --- [main] com.example.demo.trading.Deposit         : Starting Deposit using Java 1.8.0_301 on DESKTOP-0KAS61L with PID 16120 (started by 55754 in C:\Users\55754\eclipse-32-workplace\stock)
2021-10-15 00:01:37.502  INFO 16120 --- [main] com.example.demo.trading.Deposit         : No active profile set, falling back to default profiles: default
2021-10-15 00:01:42.464  INFO 16120 --- [main] pertySourcedRequestMappingHandlerMapping : Mapped URL path [/v2/api-docs] onto method [springfox.documentation.swagger2.web.Swagger2Controller#getDocumentation(String, HttpServletRequest)]
2021-10-15 00:01:42.837  INFO 16120 --- [main] o.s.b.a.w.s.WelcomePageHandlerMapping    : Adding welcome page: ServletContext resource [/index.html]
2021-10-15 00:01:43.329  INFO 16120 --- [main] d.s.w.p.DocumentationPluginsBootstrapper : Context refreshed
2021-10-15 00:01:43.354  INFO 16120 --- [main] d.s.w.p.DocumentationPluginsBootstrapper : Found 1 custom documentation plugin(s)
2021-10-15 00:01:43.382  INFO 16120 --- [main] s.d.s.w.s.ApiListingReferenceScanner     : Scanning for api listing references
2021-10-15 00:01:43.406  INFO 16120 --- [main] com.example.demo.trading.Deposit         : Started Deposit in 6.233 seconds (JVM running for 7.249)
2021-10-15 00:02:01.376  INFO 15132 --- [main] com.example.demo.trading.Deposit         : Starting Deposit using Java 1.8.0_301 on DESKTOP-0KAS61L with PID 15132 (started by 55754 in C:\Users\55754\eclipse-32-workplace\stock)
2021-10-15 00:02:01.379  INFO 15132 --- [main] com.example.demo.trading.Deposit         : No active profile set, falling back to default profiles: default
2021-10-15 00:02:06.169  INFO 15132 --- [main] pertySourcedRequestMappingHandlerMapping : Mapped URL path [/v2/api-docs] onto method [springfox.documentation.swagger2.web.Swagger2Controller#getDocumentation(String, HttpServletRequest)]
2021-10-15 00:02:06.507  INFO 15132 --- [main] o.s.b.a.w.s.WelcomePageHandlerMapping    : Adding welcome page: ServletContext resource [/index.html]
2021-10-15 00:02:07.038  INFO 15132 --- [main] d.s.w.p.DocumentationPluginsBootstrapper : Context refreshed
2021-10-15 00:02:07.061  INFO 15132 --- [main] d.s.w.p.DocumentationPluginsBootstrapper : Found 1 custom documentation plugin(s)
2021-10-15 00:02:07.090  INFO 15132 --- [main] s.d.s.w.s.ApiListingReferenceScanner     : Scanning for api listing references
2021-10-15 00:02:07.110  INFO 15132 --- [main] com.example.demo.trading.Deposit         : Started Deposit in 6.029 seconds (JVM running for 6.95)
2021-10-15 00:05:44.112  INFO 7740 --- [main] com.example.demo.trading.Deposit         : Starting Deposit using Java 1.8.0_301 on DESKTOP-0KAS61L with PID 7740 (started by 55754 in C:\Users\55754\eclipse-32-workplace\stock)
2021-10-15 00:05:44.118  INFO 7740 --- [main] com.example.demo.trading.Deposit         : No active profile set, falling back to default profiles: default
2021-10-15 00:05:49.892  INFO 7740 --- [main] pertySourcedRequestMappingHandlerMapping : Mapped URL path [/v2/api-docs] onto method [springfox.documentation.swagger2.web.Swagger2Controller#getDocumentation(String, HttpServletRequest)]
2021-10-15 00:05:50.361  INFO 7740 --- [main] o.s.b.a.w.s.WelcomePageHandlerMapping    : Adding welcome page: ServletContext resource [/index.html]
2021-10-15 00:05:51.051  INFO 7740 --- [main] d.s.w.p.DocumentationPluginsBootstrapper : Context refreshed
2021-10-15 00:05:51.087  INFO 7740 --- [main] d.s.w.p.DocumentationPluginsBootstrapper : Found 1 custom documentation plugin(s)
2021-10-15 00:05:51.125  INFO 7740 --- [main] s.d.s.w.s.ApiListingReferenceScanner     : Scanning for api listing references
2021-10-15 00:05:51.156  INFO 7740 --- [main] com.example.demo.trading.Deposit         : Started Deposit in 7.427 seconds (JVM running for 10.262)
2021-10-15 00:08:04.712  INFO 9864 --- [main] com.example.demo.trading.Deposit         : Starting Deposit using Java 1.8.0_301 on DESKTOP-0KAS61L with PID 9864 (started by 55754 in C:\Users\55754\eclipse-32-workplace\stock)
2021-10-15 00:08:04.714  INFO 9864 --- [main] com.example.demo.trading.Deposit         : No active profile set, falling back to default profiles: default
2021-10-15 00:08:09.509  INFO 9864 --- [main] pertySourcedRequestMappingHandlerMapping : Mapped URL path [/v2/api-docs] onto method [springfox.documentation.swagger2.web.Swagger2Controller#getDocumentation(String, HttpServletRequest)]
2021-10-15 00:08:09.909  INFO 9864 --- [main] o.s.b.a.w.s.WelcomePageHandlerMapping    : Adding welcome page: ServletContext resource [/index.html]
2021-10-15 00:08:10.355  INFO 9864 --- [main] d.s.w.p.DocumentationPluginsBootstrapper : Context refreshed
2021-10-15 00:08:10.383  INFO 9864 --- [main] d.s.w.p.DocumentationPluginsBootstrapper : Found 1 custom documentation plugin(s)
2021-10-15 00:08:10.412  INFO 9864 --- [main] s.d.s.w.s.ApiListingReferenceScanner     : Scanning for api listing references
2021-10-15 00:08:10.430  INFO 9864 --- [main] com.example.demo.trading.Deposit         : Started Deposit in 6.02 seconds (JVM running for 6.964)
2021-10-15 00:09:33.343  INFO 21416 --- [main] com.example.demo.trading.Deposit         : Starting Deposit using Java 1.8.0_301 on DESKTOP-0KAS61L with PID 21416 (started by 55754 in C:\Users\55754\eclipse-32-workplace\stock)
2021-10-15 00:09:33.345  INFO 21416 --- [main] com.example.demo.trading.Deposit         : No active profile set, falling back to default profiles: default
2021-10-15 00:09:38.047  INFO 21416 --- [main] pertySourcedRequestMappingHandlerMapping : Mapped URL path [/v2/api-docs] onto method [springfox.documentation.swagger2.web.Swagger2Controller#getDocumentation(String, HttpServletRequest)]
2021-10-15 00:09:38.394  INFO 21416 --- [main] o.s.b.a.w.s.WelcomePageHandlerMapping    : Adding welcome page: ServletContext resource [/index.html]
2021-10-15 00:09:38.884  INFO 21416 --- [main] d.s.w.p.DocumentationPluginsBootstrapper : Context refreshed
2021-10-15 00:09:38.906  INFO 21416 --- [main] d.s.w.p.DocumentationPluginsBootstrapper : Found 1 custom documentation plugin(s)
2021-10-15 00:09:38.936  INFO 21416 --- [main] s.d.s.w.s.ApiListingReferenceScanner     : Scanning for api listing references
2021-10-15 00:09:38.960  INFO 21416 --- [main] com.example.demo.trading.Deposit         : Started Deposit in 5.914 seconds (JVM running for 6.8)
2021-10-15 00:11:10.990  INFO 1460 --- [main] com.example.demo.data.dart.DartTest      : Starting DartTest using Java 1.8.0_301 on DESKTOP-0KAS61L with PID 1460 (started by 55754 in C:\Users\55754\eclipse-32-workplace\stock)
2021-10-15 00:11:10.993  INFO 1460 --- [main] com.example.demo.data.dart.DartTest      : No active profile set, falling back to default profiles: default
2021-10-15 00:11:15.933  INFO 1460 --- [main] pertySourcedRequestMappingHandlerMapping : Mapped URL path [/v2/api-docs] onto method [springfox.documentation.swagger2.web.Swagger2Controller#getDocumentation(String, HttpServletRequest)]
2021-10-15 00:11:16.326  INFO 1460 --- [main] o.s.b.a.w.s.WelcomePageHandlerMapping    : Adding welcome page: ServletContext resource [/index.html]
2021-10-15 00:11:16.865  INFO 1460 --- [main] d.s.w.p.DocumentationPluginsBootstrapper : Context refreshed
2021-10-15 00:11:16.893  INFO 1460 --- [main] d.s.w.p.DocumentationPluginsBootstrapper : Found 1 custom documentation plugin(s)
2021-10-15 00:11:16.923  INFO 1460 --- [main] s.d.s.w.s.ApiListingReferenceScanner     : Scanning for api listing references
2021-10-15 00:11:16.944  INFO 1460 --- [main] com.example.demo.data.dart.DartTest      : Started DartTest in 6.27 seconds (JVM running for 7.151)
2021-10-15 00:15:35.723  INFO 20580 --- [main] com.example.demo.trading.Deposit         : Starting Deposit using Java 1.8.0_301 on DESKTOP-0KAS61L with PID 20580 (started by 55754 in C:\Users\55754\eclipse-32-workplace\stock)
2021-10-15 00:15:35.725  INFO 20580 --- [main] com.example.demo.trading.Deposit         : No active profile set, falling back to default profiles: default
2021-10-15 00:15:40.478  INFO 20580 --- [main] pertySourcedRequestMappingHandlerMapping : Mapped URL path [/v2/api-docs] onto method [springfox.documentation.swagger2.web.Swagger2Controller#getDocumentation(String, HttpServletRequest)]
2021-10-15 00:15:40.817  INFO 20580 --- [main] o.s.b.a.w.s.WelcomePageHandlerMapping    : Adding welcome page: ServletContext resource [/index.html]
2021-10-15 00:15:41.304  INFO 20580 --- [main] d.s.w.p.DocumentationPluginsBootstrapper : Context refreshed
2021-10-15 00:15:41.327  INFO 20580 --- [main] d.s.w.p.DocumentationPluginsBootstrapper : Found 1 custom documentation plugin(s)
2021-10-15 00:15:41.361  INFO 20580 --- [main] s.d.s.w.s.ApiListingReferenceScanner     : Scanning for api listing references
2021-10-15 00:15:41.380  INFO 20580 --- [main] com.example.demo.trading.Deposit         : Started Deposit in 5.955 seconds (JVM running for 6.858)
